<?xml version="1.0" encoding="UTF-8"?>
<coverage generated="1571078940147" clover="3.2.0">
  <project timestamp="1571078940147" name="All files">
    <metrics statements="25" coveredstatements="14" conditionals="5" coveredconditionals="4" methods="11" coveredmethods="3" elements="41" coveredelements="21" complexity="0" loc="25" ncloc="25" packages="4" files="5" classes="5">
      <package name="src">
        <metrics statements="8" coveredstatements="1" conditionals="0" coveredconditionals="0" methods="7" coveredmethods="0"/>
        <file name="router.js" path="D:\Nagarro\NAGP\VueJS\Assignment\medium_clone_project\src\router.js">
          <metrics statements="8" coveredstatements="1" conditionals="0" coveredconditionals="0" methods="7" coveredmethods="0"/>
          <line num="5" count="1" type="stmt"/>
          <line num="17" count="0" type="stmt"/>
          <line num="23" count="0" type="stmt"/>
          <line num="29" count="0" type="stmt"/>
          <line num="34" count="0" type="stmt"/>
          <line num="39" count="0" type="stmt"/>
          <line num="44" count="0" type="stmt"/>
          <line num="49" count="0" type="stmt"/>
        </file>
      </package>
      <package name="src.components">
        <metrics statements="1" coveredstatements="1" conditionals="0" coveredconditionals="0" methods="0" coveredmethods="0"/>
        <file name="NavBar.vue" path="D:\Nagarro\NAGP\VueJS\Assignment\medium_clone_project\src\components\NavBar.vue">
          <metrics statements="1" coveredstatements="1" conditionals="0" coveredconditionals="0" methods="0" coveredmethods="0"/>
          <line num="43" count="4" type="stmt"/>
        </file>
      </package>
      <package name="src.store">
        <metrics statements="4" coveredstatements="4" conditionals="0" coveredconditionals="0" methods="2" coveredmethods="2"/>
        <file name="api.js" path="D:\Nagarro\NAGP\VueJS\Assignment\medium_clone_project\src\store\api.js">
          <metrics statements="3" coveredstatements="3" conditionals="0" coveredconditionals="0" methods="2" coveredmethods="2"/>
          <line num="3" count="1" type="stmt"/>
          <line num="7" count="1" type="stmt"/>
          <line num="11" count="1" type="stmt"/>
        </file>
        <file name="index.js" path="D:\Nagarro\NAGP\VueJS\Assignment\medium_clone_project\src\store\index.js">
          <metrics statements="1" coveredstatements="1" conditionals="0" coveredconditionals="0" methods="0" coveredmethods="0"/>
          <line num="4" count="1" type="stmt"/>
        </file>
      </package>
      <package name="src.store.modules">
        <metrics statements="12" coveredstatements="8" conditionals="5" coveredconditionals="4" methods="2" coveredmethods="1"/>
        <file name="users.js" path="D:\Nagarro\NAGP\VueJS\Assignment\medium_clone_project\src\store\modules\users.js">
          <metrics statements="12" coveredstatements="8" conditionals="5" coveredconditionals="4" methods="2" coveredmethods="1"/>
          <line num="10" count="2" type="cond" truecount="3" falsecount="0"/>
          <line num="15" count="1" type="stmt"/>
          <line num="20" count="0" type="stmt"/>
          <line num="21" count="0" type="stmt"/>
          <line num="24" count="1" type="stmt"/>
          <line num="25" count="1" type="stmt"/>
          <line num="26" count="1" type="stmt"/>
          <line num="32" count="1" type="cond" truecount="1" falsecount="1"/>
          <line num="33" count="1" type="stmt"/>
          <line num="34" count="1" type="stmt"/>
          <line num="37" count="0" type="stmt"/>
          <line num="38" count="0" type="stmt"/>
        </file>
      </package>
    </metrics>
  </project>
</coverage>
