{"D:\\Nagarro\\NAGP\\VueJS\\Assignment\\medium_clone_project\\src\\router.js": {"path":"D:\\Nagarro\\NAGP\\VueJS\\Assignment\\medium_clone_project\\src\\router.js","statementMap":{"0":{"start":{"line":5,"column":0},"end":{"line":5,"column":16}},"1":{"start":{"line":17,"column":23},"end":{"line":17,"column":50}},"2":{"start":{"line":23,"column":23},"end":{"line":23,"column":53}},"3":{"start":{"line":29,"column":22},"end":{"line":29,"column":52}},"4":{"start":{"line":34,"column":23},"end":{"line":34,"column":58}},"5":{"start":{"line":39,"column":23},"end":{"line":39,"column":56}},"6":{"start":{"line":44,"column":23},"end":{"line":44,"column":52}},"7":{"start":{"line":49,"column":22},"end":{"line":49,"column":51}}},"fnMap":{"0":{"name":"(anonymous_0)","decl":{"start":{"line":17,"column":17},"end":{"line":17,"column":18}},"loc":{"start":{"line":17,"column":23},"end":{"line":17,"column":50}},"line":17},"1":{"name":"(anonymous_1)","decl":{"start":{"line":23,"column":17},"end":{"line":23,"column":18}},"loc":{"start":{"line":23,"column":23},"end":{"line":23,"column":53}},"line":23},"2":{"name":"(anonymous_2)","decl":{"start":{"line":29,"column":17},"end":{"line":29,"column":18}},"loc":{"start":{"line":29,"column":22},"end":{"line":29,"column":52}},"line":29},"3":{"name":"(anonymous_3)","decl":{"start":{"line":34,"column":17},"end":{"line":34,"column":18}},"loc":{"start":{"line":34,"column":23},"end":{"line":34,"column":58}},"line":34},"4":{"name":"(anonymous_4)","decl":{"start":{"line":39,"column":17},"end":{"line":39,"column":18}},"loc":{"start":{"line":39,"column":23},"end":{"line":39,"column":56}},"line":39},"5":{"name":"(anonymous_5)","decl":{"start":{"line":44,"column":17},"end":{"line":44,"column":18}},"loc":{"start":{"line":44,"column":23},"end":{"line":44,"column":52}},"line":44},"6":{"name":"(anonymous_6)","decl":{"start":{"line":49,"column":17},"end":{"line":49,"column":18}},"loc":{"start":{"line":49,"column":22},"end":{"line":49,"column":51}},"line":49}},"branchMap":{},"s":{"0":1,"1":0,"2":0,"3":0,"4":0,"5":0,"6":0,"7":0},"f":{"0":0,"1":0,"2":0,"3":0,"4":0,"5":0,"6":0},"b":{},"_coverageSchema":"332fd63041d2c1bcb487cc26dd0d5f7d97098a6c","hash":"de12ae127fd2bff3b88920a3a54bc26b1f4539d8"}
,"D:\\Nagarro\\NAGP\\VueJS\\Assignment\\medium_clone_project\\src\\components\\NavBar.vue": {"path":"D:\\Nagarro\\NAGP\\VueJS\\Assignment\\medium_clone_project\\src\\components\\NavBar.vue","statementMap":{"0":{"start":{"line":43,"column":0},"end":{"line":null,"column":-1}}},"fnMap":{},"branchMap":{},"s":{"0":4},"f":{},"b":{}}
,"D:\\Nagarro\\NAGP\\VueJS\\Assignment\\medium_clone_project\\src\\store\\api.js": {"path":"D:\\Nagarro\\NAGP\\VueJS\\Assignment\\medium_clone_project\\src\\store\\api.js","statementMap":{"0":{"start":{"line":3,"column":19},"end":{"line":5,"column":2}},"1":{"start":{"line":7,"column":4},"end":{"line":7,"column":67}},"2":{"start":{"line":11,"column":4},"end":{"line":11,"column":56}}},"fnMap":{"0":{"name":"setToken","decl":{"start":{"line":6,"column":16},"end":{"line":6,"column":24}},"loc":{"start":{"line":6,"column":29},"end":{"line":8,"column":1}},"line":6},"1":{"name":"clearToken","decl":{"start":{"line":10,"column":16},"end":{"line":10,"column":26}},"loc":{"start":{"line":10,"column":28},"end":{"line":12,"column":1}},"line":10}},"branchMap":{},"s":{"0":1,"1":1,"2":1},"f":{"0":1,"1":1},"b":{},"_coverageSchema":"332fd63041d2c1bcb487cc26dd0d5f7d97098a6c","hash":"200688626eff1faa954e26047340e53aaa9309a6"}
,"D:\\Nagarro\\NAGP\\VueJS\\Assignment\\medium_clone_project\\src\\store\\index.js": {"path":"D:\\Nagarro\\NAGP\\VueJS\\Assignment\\medium_clone_project\\src\\store\\index.js","statementMap":{"0":{"start":{"line":4,"column":0},"end":{"line":4,"column":14}}},"fnMap":{},"branchMap":{},"s":{"0":1},"f":{},"b":{},"_coverageSchema":"332fd63041d2c1bcb487cc26dd0d5f7d97098a6c","hash":"2f07b64b6b75a63bafc9fec948b5903b7efbbee7"}
,"D:\\Nagarro\\NAGP\\VueJS\\Assignment\\medium_clone_project\\src\\store\\modules\\users.js": {"path":"D:\\Nagarro\\NAGP\\VueJS\\Assignment\\medium_clone_project\\src\\store\\modules\\users.js","statementMap":{"0":{"start":{"line":10,"column":12},"end":{"line":10,"column":61}},"1":{"start":{"line":15,"column":12},"end":{"line":15,"column":33}},"2":{"start":{"line":20,"column":25},"end":{"line":20,"column":47}},"3":{"start":{"line":21,"column":12},"end":{"line":21,"column":36}},"4":{"start":{"line":24,"column":12},"end":{"line":24,"column":25}},"5":{"start":{"line":25,"column":11},"end":{"line":39,"column":9}},"6":{"start":{"line":26,"column":29},"end":{"line":31,"column":14}},"7":{"start":{"line":32,"column":12},"end":{"line":35,"column":13}},"8":{"start":{"line":33,"column":16},"end":{"line":33,"column":51}},"9":{"start":{"line":34,"column":16},"end":{"line":34,"column":54}},"10":{"start":{"line":37,"column":12},"end":{"line":37,"column":29}},"11":{"start":{"line":38,"column":12},"end":{"line":38,"column":20}}},"fnMap":{"0":{"name":"(anonymous_0)","decl":{"start":{"line":19,"column":16},"end":{"line":19,"column":17}},"loc":{"start":{"line":19,"column":40},"end":{"line":22,"column":9}},"line":19},"1":{"name":"(anonymous_1)","decl":{"start":{"line":23,"column":19},"end":{"line":23,"column":20}},"loc":{"start":{"line":23,"column":65},"end":{"line":40,"column":9}},"line":23}},"branchMap":{"0":{"loc":{"start":{"line":10,"column":19},"end":{"line":10,"column":60}},"type":"binary-expr","locations":[{"start":{"line":10,"column":20},"end":{"line":10,"column":30}},{"start":{"line":10,"column":34},"end":{"line":10,"column":53}},{"start":{"line":10,"column":56},"end":{"line":10,"column":60}}],"line":10},"1":{"loc":{"start":{"line":32,"column":12},"end":{"line":35,"column":13}},"type":"if","locations":[{"start":{"line":32,"column":12},"end":{"line":35,"column":13}},{"start":{"line":32,"column":12},"end":{"line":35,"column":13}}],"line":32}},"s":{"0":2,"1":1,"2":0,"3":0,"4":1,"5":1,"6":1,"7":1,"8":1,"9":1,"10":0,"11":0},"f":{"0":0,"1":1},"b":{"0":[2,1,1],"1":[1,0]},"_coverageSchema":"332fd63041d2c1bcb487cc26dd0d5f7d97098a6c","hash":"935c07fb77dde3082c78edd5383df1555ba6c873"}
}
