TN:
SF:D:\Nagarro\NAGP\VueJS\Assignment\medium_clone_project\src\router.js
FN:17,(anonymous_0)
FN:23,(anonymous_1)
FN:29,(anonymous_2)
FN:34,(anonymous_3)
FN:39,(anonymous_4)
FN:44,(anonymous_5)
FN:49,(anonymous_6)
FNF:7
FNH:0
FNDA:0,(anonymous_0)
FNDA:0,(anonymous_1)
FNDA:0,(anonymous_2)
FNDA:0,(anonymous_3)
FNDA:0,(anonymous_4)
FNDA:0,(anonymous_5)
FNDA:0,(anonymous_6)
DA:5,1
DA:17,0
DA:23,0
DA:29,0
DA:34,0
DA:39,0
DA:44,0
DA:49,0
LF:8
LH:1
BRF:0
BRH:0
end_of_record
TN:
SF:D:\Nagarro\NAGP\VueJS\Assignment\medium_clone_project\src\components\NavBar.vue
FNF:0
FNH:0
DA:43,4
LF:1
LH:1
BRF:0
BRH:0
end_of_record
TN:
SF:D:\Nagarro\NAGP\VueJS\Assignment\medium_clone_project\src\store\api.js
FN:6,setToken
FN:10,clearToken
FNF:2
FNH:2
FNDA:1,setToken
FNDA:1,clearToken
DA:3,1
DA:7,1
DA:11,1
LF:3
LH:3
BRF:0
BRH:0
end_of_record
TN:
SF:D:\Nagarro\NAGP\VueJS\Assignment\medium_clone_project\src\store\index.js
FNF:0
FNH:0
DA:4,1
LF:1
LH:1
BRF:0
BRH:0
end_of_record
TN:
SF:D:\Nagarro\NAGP\VueJS\Assignment\medium_clone_project\src\store\modules\users.js
FN:19,(anonymous_0)
FN:23,(anonymous_1)
FNF:2
FNH:1
FNDA:0,(anonymous_0)
FNDA:1,(anonymous_1)
DA:10,2
DA:15,1
DA:20,0
DA:21,0
DA:24,1
DA:25,1
DA:26,1
DA:32,1
DA:33,1
DA:34,1
DA:37,0
DA:38,0
LF:12
LH:8
BRDA:10,0,0,2
BRDA:10,0,1,1
BRDA:10,0,2,1
BRDA:32,1,0,1
BRDA:32,1,1,0
BRF:5
BRH:4
end_of_record
